Assembler report for TLC_FINAL
Mon Nov 07 12:05:44 2016
Quartus Prime Version 16.0.0 Build 211 04/27/2016 SJ Lite Edition


---------------------
; Table of Contents ;
---------------------
  1. Legal Notice
  2. Assembler Summary
  3. Assembler Settings
  4. Assembler Generated Files
  5. Assembler Device Options: C:/Users/ioakeim/Dropbox/UEA/year2/digital and analog electronics/quartus/NO_7seg/TLC_FINAL/output_files/TLC_FINAL.pof
  6. Assembler Messages



----------------
; Legal Notice ;
----------------
Copyright (C) 1991-2016 Altera Corporation. All rights reserved.
Your use of Altera Corporation's design tools, logic functions 
and other software and tools, and its AMPP partner logic 
functions, and any output files from any of the foregoing 
(including device programming or simulation files), and any 
associated documentation or information are expressly subject 
to the terms and conditions of the Altera Program License 
Subscription Agreement, the Altera Quartus Prime License Agreement,
the Altera MegaCore Function License Agreement, or other 
applicable license agreement, including, without limitation, 
that your use is for the sole purpose of programming logic 
devices manufactured by Altera and sold by Altera or its 
authorized distributors.  Please refer to the applicable 
agreement for further details.



+---------------------------------------------------------------+
; Assembler Summary                                             ;
+-----------------------+---------------------------------------+
; Assembler Status      ; Successful - Mon Nov 07 12:05:44 2016 ;
; Revision Name         ; TLC_FINAL                             ;
; Top-level Entity Name ; TLC_FINAL                             ;
; Family                ; MAX II                                ;
; Device                ; EPM240T100C5                          ;
+-----------------------+---------------------------------------+


+----------------------------------+
; Assembler Settings               ;
+--------+---------+---------------+
; Option ; Setting ; Default Value ;
+--------+---------+---------------+


+------------------------------------------------------------------------------------------------------------------------+
; Assembler Generated Files                                                                                              ;
+------------------------------------------------------------------------------------------------------------------------+
; File Name                                                                                                              ;
+------------------------------------------------------------------------------------------------------------------------+
; C:/Users/ioakeim/Dropbox/UEA/year2/digital and analog electronics/quartus/NO_7seg/TLC_FINAL/output_files/TLC_FINAL.pof ;
+------------------------------------------------------------------------------------------------------------------------+


+--------------------------------------------------------------------------------------------------------------------------------------------------+
; Assembler Device Options: C:/Users/ioakeim/Dropbox/UEA/year2/digital and analog electronics/quartus/NO_7seg/TLC_FINAL/output_files/TLC_FINAL.pof ;
+----------------+---------------------------------------------------------------------------------------------------------------------------------+
; Option         ; Setting                                                                                                                         ;
+----------------+---------------------------------------------------------------------------------------------------------------------------------+
; Device         ; EPM240T100C5                                                                                                                    ;
; JTAG usercode  ; 0x0018F1C7                                                                                                                      ;
; Checksum       ; 0x0018F4BF                                                                                                                      ;
+----------------+---------------------------------------------------------------------------------------------------------------------------------+


+--------------------+
; Assembler Messages ;
+--------------------+
Info: *******************************************************************
Info: Running Quartus Prime Assembler
    Info: Version 16.0.0 Build 211 04/27/2016 SJ Lite Edition
    Info: Processing started: Mon Nov 07 12:05:42 2016
Info: Command: quartus_asm --read_settings_files=off --write_settings_files=off TLC_FINAL -c TLC_FINAL
Info (115031): Writing out detailed assembly data for power analysis
Info (115030): Assembler is generating device programming files
Info: Quartus Prime Assembler was successful. 0 errors, 0 warnings
    Info: Peak virtual memory: 738 megabytes
    Info: Processing ended: Mon Nov 07 12:05:44 2016
    Info: Elapsed time: 00:00:02
    Info: Total CPU time (on all processors): 00:00:02


