Flow report for TLC_FINAL
Mon Nov 07 12:05:54 2016
Quartus Prime Version 16.0.0 Build 211 04/27/2016 SJ Lite Edition


---------------------
; Table of Contents ;
---------------------
  1. Legal Notice
  2. Flow Summary
  3. Flow Settings
  4. Flow Non-Default Global Settings
  5. Flow Elapsed Time
  6. Flow OS Summary
  7. Flow Log
  8. Flow Messages
  9. Flow Suppressed Messages



----------------
; Legal Notice ;
----------------
Copyright (C) 1991-2016 Altera Corporation. All rights reserved.
Your use of Altera Corporation's design tools, logic functions 
and other software and tools, and its AMPP partner logic 
functions, and any output files from any of the foregoing 
(including device programming or simulation files), and any 
associated documentation or information are expressly subject 
to the terms and conditions of the Altera Program License 
Subscription Agreement, the Altera Quartus Prime License Agreement,
the Altera MegaCore Function License Agreement, or other 
applicable license agreement, including, without limitation, 
that your use is for the sole purpose of programming logic 
devices manufactured by Altera and sold by Altera or its 
authorized distributors.  Please refer to the applicable 
agreement for further details.



+---------------------------------------------------------------------+
; Flow Summary                                                        ;
+-----------------------+---------------------------------------------+
; Flow Status           ; Successful - Mon Nov 07 12:05:54 2016       ;
; Quartus Prime Version ; 16.0.0 Build 211 04/27/2016 SJ Lite Edition ;
; Revision Name         ; TLC_FINAL                                   ;
; Top-level Entity Name ; TLC_FINAL                                   ;
; Family                ; MAX II                                      ;
; Device                ; EPM240T100C5                                ;
; Timing Models         ; Final                                       ;
; Total logic elements  ; 24 / 240 ( 10 % )                           ;
; Total pins            ; 16 / 80 ( 20 % )                            ;
; Total virtual pins    ; 0                                           ;
; UFM blocks            ; 0 / 1 ( 0 % )                               ;
+-----------------------+---------------------------------------------+


+-----------------------------------------+
; Flow Settings                           ;
+-------------------+---------------------+
; Option            ; Setting             ;
+-------------------+---------------------+
; Start date & time ; 11/07/2016 12:05:02 ;
; Main task         ; Compilation         ;
; Revision Name     ; TLC_FINAL           ;
+-------------------+---------------------+


+----------------------------------------------------------------------------------------------------------+
; Flow Non-Default Global Settings                                                                         ;
+--------------------------+--------------------------------+---------------+-------------+----------------+
; Assignment Name          ; Value                          ; Default Value ; Entity Name ; Section Id     ;
+--------------------------+--------------------------------+---------------+-------------+----------------+
; COMPILER_SIGNATURE_ID    ; 96897438585404.147852030212596 ; --            ; --          ; --             ;
; EDA_OUTPUT_DATA_FORMAT   ; Verilog Hdl                    ; --            ; --          ; eda_simulation ;
; EDA_SIMULATION_TOOL      ; ModelSim-Altera (Verilog)      ; <None>        ; --          ; --             ;
; EDA_TIME_SCALE           ; 1 ps                           ; --            ; --          ; eda_simulation ;
; MAX_CORE_JUNCTION_TEMP   ; 85                             ; --            ; --          ; --             ;
; MIN_CORE_JUNCTION_TEMP   ; 0                              ; --            ; --          ; --             ;
; PROJECT_OUTPUT_DIRECTORY ; output_files                   ; --            ; --          ; --             ;
+--------------------------+--------------------------------+---------------+-------------+----------------+


+-------------------------------------------------------------------------------------------------------------------------------+
; Flow Elapsed Time                                                                                                             ;
+---------------------------+--------------+-------------------------+---------------------+------------------------------------+
; Module Name               ; Elapsed Time ; Average Processors Used ; Peak Virtual Memory ; Total CPU Time (on all processors) ;
+---------------------------+--------------+-------------------------+---------------------+------------------------------------+
; Analysis & Synthesis      ; 00:00:31     ; 1.0                     ; 804 MB              ; 00:01:18                           ;
; Fitter                    ; 00:00:05     ; 1.0                     ; 1076 MB             ; 00:00:04                           ;
; Assembler                 ; 00:00:02     ; 1.0                     ; 737 MB              ; 00:00:02                           ;
; TimeQuest Timing Analyzer ; 00:00:04     ; 1.0                     ; 755 MB              ; 00:00:03                           ;
; EDA Netlist Writer        ; 00:00:02     ; 1.0                     ; 706 MB              ; 00:00:03                           ;
; Total                     ; 00:00:44     ; --                      ; --                  ; 00:01:30                           ;
+---------------------------+--------------+-------------------------+---------------------+------------------------------------+


+----------------------------------------------------------------------------------------+
; Flow OS Summary                                                                        ;
+---------------------------+------------------+-----------+------------+----------------+
; Module Name               ; Machine Hostname ; OS Name   ; OS Version ; Processor type ;
+---------------------------+------------------+-----------+------------+----------------+
; Analysis & Synthesis      ; IOAKIM           ; Windows 8 ; 6.2        ; x86_64         ;
; Fitter                    ; IOAKIM           ; Windows 8 ; 6.2        ; x86_64         ;
; Assembler                 ; IOAKIM           ; Windows 8 ; 6.2        ; x86_64         ;
; TimeQuest Timing Analyzer ; IOAKIM           ; Windows 8 ; 6.2        ; x86_64         ;
; EDA Netlist Writer        ; IOAKIM           ; Windows 8 ; 6.2        ; x86_64         ;
+---------------------------+------------------+-----------+------------+----------------+


------------
; Flow Log ;
------------
quartus_map --read_settings_files=on --write_settings_files=off TLC_FINAL -c TLC_FINAL
quartus_fit --read_settings_files=off --write_settings_files=off TLC_FINAL -c TLC_FINAL
quartus_asm --read_settings_files=off --write_settings_files=off TLC_FINAL -c TLC_FINAL
quartus_sta TLC_FINAL -c TLC_FINAL
quartus_eda --read_settings_files=off --write_settings_files=off TLC_FINAL -c TLC_FINAL



